<?xml version="1.0" encoding="UTF-8"?>
<coverage generated="1685282600752" clover="3.2.0">
  <project timestamp="1685282600752" name="All files">
    <metrics statements="52" coveredstatements="23" conditionals="6" coveredconditionals="1" methods="14" coveredmethods="4" elements="72" coveredelements="28" complexity="0" loc="52" ncloc="52" packages="2" files="3" classes="3"/>
    <package name="src">
      <metrics statements="1" coveredstatements="1" conditionals="0" coveredconditionals="0" methods="1" coveredmethods="1"/>
      <file name="App.js" path="/Users/aposriva1/Desktop/todo-list/src/App.js">
        <metrics statements="1" coveredstatements="1" conditionals="0" coveredconditionals="0" methods="1" coveredmethods="1"/>
        <line num="5" count="1" type="stmt"/>
      </file>
    </package>
    <package name="src.components">
      <metrics statements="51" coveredstatements="22" conditionals="6" coveredconditionals="1" methods="13" coveredmethods="3"/>
      <file name="Form.jsx" path="/Users/aposriva1/Desktop/todo-list/src/components/Form.jsx">
        <metrics statements="46" coveredstatements="18" conditionals="4" coveredconditionals="0" methods="11" coveredmethods="2"/>
        <line num="7" count="2" type="stmt"/>
        <line num="13" count="2" type="stmt"/>
        <line num="15" count="2" type="stmt"/>
        <line num="16" count="2" type="stmt"/>
        <line num="33" count="2" type="stmt"/>
        <line num="34" count="2" type="stmt"/>
        <line num="35" count="2" type="stmt"/>
        <line num="38" count="2" type="stmt"/>
        <line num="39" count="0" type="stmt"/>
        <line num="40" count="0" type="stmt"/>
        <line num="41" count="0" type="stmt"/>
        <line num="42" count="0" type="stmt"/>
        <line num="45" count="2" type="stmt"/>
        <line num="46" count="0" type="cond" truecount="0" falsecount="2"/>
        <line num="47" count="0" type="stmt"/>
        <line num="51" count="2" type="stmt"/>
        <line num="52" count="0" type="cond" truecount="0" falsecount="2"/>
        <line num="53" count="0" type="stmt"/>
        <line num="54" count="0" type="stmt"/>
        <line num="55" count="0" type="stmt"/>
        <line num="57" count="0" type="stmt"/>
        <line num="58" count="0" type="stmt"/>
        <line num="62" count="2" type="stmt"/>
        <line num="63" count="0" type="stmt"/>
        <line num="64" count="0" type="stmt"/>
        <line num="65" count="0" type="stmt"/>
        <line num="68" count="2" type="stmt"/>
        <line num="69" count="0" type="stmt"/>
        <line num="70" count="0" type="stmt"/>
        <line num="71" count="0" type="stmt"/>
        <line num="74" count="2" type="stmt"/>
        <line num="75" count="0" type="stmt"/>
        <line num="76" count="0" type="stmt"/>
        <line num="77" count="0" type="stmt"/>
        <line num="80" count="2" type="stmt"/>
        <line num="81" count="0" type="stmt"/>
        <line num="82" count="0" type="stmt"/>
        <line num="83" count="0" type="stmt"/>
        <line num="84" count="0" type="stmt"/>
        <line num="87" count="2" type="stmt"/>
        <line num="88" count="0" type="stmt"/>
        <line num="91" count="2" type="stmt"/>
        <line num="92" count="0" type="stmt"/>
        <line num="93" count="0" type="stmt"/>
        <line num="96" count="2" type="stmt"/>
        <line num="100" count="2" type="stmt"/>
      </file>
      <file name="FormInput.jsx" path="/Users/aposriva1/Desktop/todo-list/src/components/FormInput.jsx">
        <metrics statements="5" coveredstatements="4" conditionals="2" coveredconditionals="1" methods="2" coveredmethods="1"/>
        <line num="8" count="3" type="stmt"/>
        <line num="24" count="3" type="stmt"/>
        <line num="25" count="3" type="stmt"/>
        <line num="27" count="3" type="stmt"/>
        <line num="36" count="0" type="stmt"/>
      </file>
    </package>
  </project>
</coverage>
