TN:
SF:src/App.js
FN:4,App
FNF:1
FNH:1
FNDA:1,App
DA:5,1
LF:1
LH:1
BRF:0
BRH:0
end_of_record
TN:
SF:src/components/Form.jsx
FN:13,(anonymous_0)
FN:38,(anonymous_1)
FN:45,(anonymous_2)
FN:51,(anonymous_3)
FN:62,(anonymous_4)
FN:68,(anonymous_5)
FN:74,(anonymous_6)
FN:80,(anonymous_7)
FN:87,(anonymous_8)
FN:91,(anonymous_9)
FN:96,(anonymous_10)
FNF:11
FNH:2
FNDA:2,(anonymous_0)
FNDA:0,(anonymous_1)
FNDA:0,(anonymous_2)
FNDA:0,(anonymous_3)
FNDA:0,(anonymous_4)
FNDA:0,(anonymous_5)
FNDA:0,(anonymous_6)
FNDA:0,(anonymous_7)
FNDA:0,(anonymous_8)
FNDA:0,(anonymous_9)
FNDA:2,(anonymous_10)
DA:7,2
DA:13,2
DA:15,2
DA:16,2
DA:33,2
DA:34,2
DA:35,2
DA:38,2
DA:39,0
DA:40,0
DA:41,0
DA:42,0
DA:45,2
DA:46,0
DA:47,0
DA:51,2
DA:52,0
DA:53,0
DA:54,0
DA:55,0
DA:57,0
DA:58,0
DA:62,2
DA:63,0
DA:64,0
DA:65,0
DA:68,2
DA:69,0
DA:70,0
DA:71,0
DA:74,2
DA:75,0
DA:76,0
DA:77,0
DA:80,2
DA:81,0
DA:82,0
DA:83,0
DA:84,0
DA:87,2
DA:88,0
DA:91,2
DA:92,0
DA:93,0
DA:96,2
DA:100,2
LF:46
LH:18
BRDA:46,0,0,0
BRDA:46,0,1,0
BRDA:52,1,0,0
BRDA:52,1,1,0
BRF:4
BRH:0
end_of_record
TN:
SF:src/components/FormInput.jsx
FN:24,(anonymous_0)
FN:36,(anonymous_1)
FNF:2
FNH:1
FNDA:3,(anonymous_0)
FNDA:0,(anonymous_1)
DA:8,3
DA:24,3
DA:25,3
DA:27,3
DA:36,0
LF:5
LH:4
BRDA:43,0,0,3
BRDA:43,0,1,0
BRF:2
BRH:1
end_of_record
